<?xml version="1.0" encoding="UTF-8"?>
<!-- Generated by org.testng.reporters.JUnitXMLReporter -->
<testsuite ignored="4" hostname="DESKTOP-NSKO8MI" failures="0" tests="3" name="Regression Test" time="21.501" errors="0" timestamp="2020-06-05T00:17:11 EDT">
  <testcase classname="com.hrms.testcases.AddEmployeeTest" name="addEmployee" time="0.0">
    <skipped/>
  </testcase> <!-- addEmployee -->
  <testcase classname="com.hrms.testcases.LoginTest" name="emptyUsernameLogin" time="0.538"/>
  <testcase classname="com.hrms.testcases.LoginTest" name="invalidPasswordLogin" time="1.421"/>
  <testcase classname="com.hrms.testcases.LoginTest" name="timeStamp" time="0.0">
    <ignored/>
  </testcase> <!-- timeStamp -->
  <testcase classname="com.hrms.testbase.BaseClass" name="@BeforeTest generateReport" time="0.0">
    <ignored/>
  </testcase> <!-- @BeforeTest generateReport -->
  <testcase classname="com.hrms.testbase.BaseClass" name="@AfterTest writeReport" time="0.0">
    <ignored/>
  </testcase> <!-- @AfterTest writeReport -->
  <testcase classname="com.hrms.testcases.LoginTest" name="validAminLogin" time="0.0">
    <ignored/>
  </testcase> <!-- validAminLogin -->
</testsuite> <!-- Regression Test -->
