<?xml version="1.0" encoding="UTF-8"?>
<testng-results ignored="4" total="7" passed="2" failed="0" skipped="1">
  <reporter-output>
  </reporter-output>
  <suite started-at="2020-06-05T00:16:49 EDT" name="Regression Suite" finished-at="2020-06-05T00:17:11 EDT" duration-ms="21501">
    <groups>
      <group name="addEmp">
        <method signature="AddEmployeeTest.addEmployee(java.lang.String, java.lang.String, java.lang.String, java.lang.String)[pri:0, instance:com.hrms.testcases.AddEmployeeTest@78047b92]" name="addEmployee" class="com.hrms.testcases.AddEmployeeTest"/>
      </group> <!-- addEmp -->
      <group name="homework">
        <method signature="AddEmployeeTest.addEmployee(java.lang.String, java.lang.String, java.lang.String, java.lang.String)[pri:0, instance:com.hrms.testcases.AddEmployeeTest@78047b92]" name="addEmployee" class="com.hrms.testcases.AddEmployeeTest"/>
      </group> <!-- homework -->
      <group name="regression">
        <method signature="AddEmployeeTest.addEmployee(java.lang.String, java.lang.String, java.lang.String, java.lang.String)[pri:0, instance:com.hrms.testcases.AddEmployeeTest@78047b92]" name="addEmployee" class="com.hrms.testcases.AddEmployeeTest"/>
        <method signature="LoginTest.emptyUsernameLogin()[pri:0, instance:com.hrms.testcases.LoginTest@7ff95560]" name="emptyUsernameLogin" class="com.hrms.testcases.LoginTest"/>
        <method signature="LoginTest.invalidPasswordLogin()[pri:0, instance:com.hrms.testcases.LoginTest@7ff95560]" name="invalidPasswordLogin" class="com.hrms.testcases.LoginTest"/>
      </group> <!-- regression -->
    </groups>
    <test started-at="2020-06-05T00:16:49 EDT" name="Regression Test" finished-at="2020-06-05T00:17:11 EDT" duration-ms="21501">
      <class name="com.hrms.testcases.LoginTest">
        <test-method is-config="true" signature="setUp()[pri:0, instance:com.hrms.testcases.LoginTest@7ff95560]" started-at="2020-06-05T00:16:51 EDT" name="setUp" finished-at="2020-06-05T00:16:59 EDT" duration-ms="7998" status="PASS">
          <reporter-output>
          </reporter-output>
        </test-method> <!-- setUp -->
        <test-method signature="emptyUsernameLogin()[pri:0, instance:com.hrms.testcases.LoginTest@7ff95560]" started-at="2020-06-05T00:16:59 EDT" name="emptyUsernameLogin" finished-at="2020-06-05T00:16:59 EDT" duration-ms="538" status="PASS">
          <reporter-output>
          </reporter-output>
        </test-method> <!-- emptyUsernameLogin -->
        <test-method is-config="true" signature="tearDown()[pri:0, instance:com.hrms.testcases.LoginTest@7ff95560]" started-at="2020-06-05T00:16:59 EDT" name="tearDown" finished-at="2020-06-05T00:17:01 EDT" duration-ms="1352" status="PASS">
          <reporter-output>
          </reporter-output>
        </test-method> <!-- tearDown -->
        <test-method is-config="true" signature="setUp()[pri:0, instance:com.hrms.testcases.LoginTest@7ff95560]" started-at="2020-06-05T00:17:01 EDT" name="setUp" finished-at="2020-06-05T00:17:07 EDT" duration-ms="6554" status="PASS">
          <reporter-output>
          </reporter-output>
        </test-method> <!-- setUp -->
        <test-method signature="invalidPasswordLogin()[pri:0, instance:com.hrms.testcases.LoginTest@7ff95560]" started-at="2020-06-05T00:17:07 EDT" name="invalidPasswordLogin" finished-at="2020-06-05T00:17:09 EDT" duration-ms="1421" status="PASS">
          <reporter-output>
          </reporter-output>
        </test-method> <!-- invalidPasswordLogin -->
        <test-method is-config="true" signature="tearDown()[pri:0, instance:com.hrms.testcases.LoginTest@7ff95560]" started-at="2020-06-05T00:17:09 EDT" name="tearDown" finished-at="2020-06-05T00:17:10 EDT" duration-ms="899" status="PASS">
          <reporter-output>
          </reporter-output>
        </test-method> <!-- tearDown -->
      </class> <!-- com.hrms.testcases.LoginTest -->
      <class name="com.hrms.testcases.AddEmployeeTest">
        <test-method is-config="true" signature="generateReport()[pri:0, instance:com.hrms.testcases.AddEmployeeTest@78047b92]" started-at="2020-06-05T00:16:49 EDT" name="generateReport" finished-at="2020-06-05T00:16:49 EDT" duration-ms="202" status="PASS">
          <reporter-output>
          </reporter-output>
        </test-method> <!-- generateReport -->
        <test-method signature="addEmployee(java.lang.String, java.lang.String, java.lang.String, java.lang.String)[pri:0, instance:com.hrms.testcases.AddEmployeeTest@78047b92]" started-at="2020-06-05T00:16:51 EDT" name="addEmployee" data-provider="userDataFromExcel" finished-at="2020-06-05T00:16:51 EDT" duration-ms="0" status="SKIP">
          <exception class="java.lang.RuntimeException">
            <message>
              <![CDATA[java.lang.NullPointerException]]>
            </message>
            <full-stacktrace>
              <![CDATA[java.lang.RuntimeException: java.lang.NullPointerException
at org.testng.internal.MethodInvocationHelper.invokeMethodNoCheckedException(MethodInvocationHelper.java:51)
at org.testng.internal.MethodInvocationHelper.invokeDataProvider(MethodInvocationHelper.java:147)
at org.testng.internal.Parameters.handleParameters(Parameters.java:801)
at org.testng.internal.Parameters.handleParameters(Parameters.java:744)
at org.testng.internal.ParameterHandler.handleParameters(ParameterHandler.java:59)
at org.testng.internal.ParameterHandler.createParameters(ParameterHandler.java:38)
at org.testng.internal.TestInvoker$MethodInvocationAgent.invoke(TestInvoker.java:783)
at org.testng.internal.TestInvoker.invokeTestMethods(TestInvoker.java:146)
at org.testng.internal.TestMethodWorker.invokeTestMethods(TestMethodWorker.java:146)
at org.testng.internal.TestMethodWorker.run(TestMethodWorker.java:128)
at java.base/java.util.ArrayList.forEach(ArrayList.java:1507)
at org.testng.TestRunner.privateRun(TestRunner.java:766)
at org.testng.TestRunner.run(TestRunner.java:587)
at org.testng.SuiteRunner.runTest(SuiteRunner.java:384)
at org.testng.SuiteRunner.runSequentially(SuiteRunner.java:378)
at org.testng.SuiteRunner.privateRun(SuiteRunner.java:337)
at org.testng.SuiteRunner.run(SuiteRunner.java:286)
at org.testng.SuiteRunnerWorker.runSuite(SuiteRunnerWorker.java:53)
at org.testng.SuiteRunnerWorker.run(SuiteRunnerWorker.java:96)
at org.testng.TestNG.runSuitesSequentially(TestNG.java:1187)
at org.testng.TestNG.runSuitesLocally(TestNG.java:1109)
at org.testng.TestNG.runSuites(TestNG.java:1039)
at org.testng.TestNG.run(TestNG.java:1007)
at org.apache.maven.surefire.testng.TestNGExecutor.run(TestNGExecutor.java:283)
at org.apache.maven.surefire.testng.TestNGXmlTestSuite.execute(TestNGXmlTestSuite.java:75)
at org.apache.maven.surefire.testng.TestNGProvider.invoke(TestNGProvider.java:120)
at org.apache.maven.surefire.booter.ForkedBooter.runSuitesInProcess(ForkedBooter.java:377)
at org.apache.maven.surefire.booter.ForkedBooter.execute(ForkedBooter.java:138)
at org.apache.maven.surefire.booter.ForkedBooter.run(ForkedBooter.java:465)
at org.apache.maven.surefire.booter.ForkedBooter.main(ForkedBooter.java:451)
Caused by: java.lang.NullPointerException
at com.hrms.utils.ExcelUtility.cellData(ExcelUtility.java:39)
at com.hrms.utils.ExcelUtility.excelToArray(ExcelUtility.java:57)
at com.hrms.testcases.AddEmployeeTest.getData2(AddEmployeeTest.java:66)
at java.base/jdk.internal.reflect.NativeMethodAccessorImpl.invoke0(Native Method)
at java.base/jdk.internal.reflect.NativeMethodAccessorImpl.invoke(NativeMethodAccessorImpl.java:62)
at java.base/jdk.internal.reflect.DelegatingMethodAccessorImpl.invoke(DelegatingMethodAccessorImpl.java:43)
at java.base/java.lang.reflect.Method.invoke(Method.java:567)
at org.testng.internal.MethodInvocationHelper.invokeMethod(MethodInvocationHelper.java:134)
at org.testng.internal.MethodInvocationHelper.invokeMethod(MethodInvocationHelper.java:78)
at org.testng.internal.MethodInvocationHelper.invokeMethodNoCheckedException(MethodInvocationHelper.java:47)
... 29 more
]]>
            </full-stacktrace>
          </exception> <!-- java.lang.RuntimeException -->
          <reporter-output>
          </reporter-output>
        </test-method> <!-- addEmployee -->
        <test-method is-config="true" signature="writeReport()[pri:0, instance:com.hrms.testcases.AddEmployeeTest@78047b92]" started-at="2020-06-05T00:17:10 EDT" name="writeReport" finished-at="2020-06-05T00:17:11 EDT" duration-ms="614" status="PASS">
          <reporter-output>
          </reporter-output>
        </test-method> <!-- writeReport -->
      </class> <!-- com.hrms.testcases.AddEmployeeTest -->
    </test> <!-- Regression Test -->
  </suite> <!-- Regression Suite -->
</testng-results>
